/cms/store/user/rverma/NTuple_HIG-18-021_20200307_MuMC/MuMC_20200307/TTJetsP_MuMC_20200307/TT_TuneCUETP8M2T4_13TeV-powheg-pythia8/TTJetsP_MuMC_20200307/200307_100856/0000/TTJetsP_MuMC_20200307_Ntuple_273.root
/cms/store/user/rverma/NTuple_HIG-18-021_20200307_MuMC/MuMC_20200307/W3JetsToLNu_MuMC_20200307/W3JetsToLNu_TuneCUETP8M1_13TeV-madgraphMLM-pythia8/W3JetsToLNu_MuMC_20200307/200307_101311/0000/W3JetsToLNu_MuMC_20200307_Ntuple_16.root
/cms/store/user/rverma/NTuple_HIG-18-021_20200307_MuData/MuData_20200307/MuRunDv1_MuData_20200307/SingleMuon/MuRunDv1_MuData_20200307/200307_101630/0000/MuRunDv1_MuData_20200307_Ntuple_35.root
/cms/store/user/rverma/NTuple_HIG-18-021_20200307_MuMC/MuMC_20200307/TTJetsP_hdampUP_MuMC_20200307/TT_hdampUP_TuneCUETP8M2T4_13TeV-powheg-pythia8/TTJetsP_hdampUP_MuMC_20200307/200307_101038/0000/TTJetsP_hdampUP_MuMC_20200307_Ntuple_112.root
/cms/store/user/rverma/NTuple_HIG-18-021_20200307_MuMC/MuMC_20200307/HplusM80_MuMC_20200307/ChargedHiggsToCS_M080_13TeV-madgraph/HplusM80_MuMC_20200307/200307_100254/0000/HplusM80_MuMC_20200307_Ntuple_9.root
/cms/store/user/rverma/NTuple_HIG-18-021_20200307_MuMC/MuMC_20200307/HplusM160_MuMC_20200307/ChargedHiggsToCS_M160_13TeV-madgraph/HplusM160_MuMC_20200307/200307_100231/0000/HplusM160_MuMC_20200307_Ntuple_18.root
/cms/store/user/rverma/NTuple_HIG-18-021_20200326_MuMC/MuMC_20200326/ST_tChannel_top_MuMC_20200326/ST_t-channel_top_4f_inclusiveDecays_13TeV-powhegV2-madspin-pythia8_TuneCUETP8M1/ST_tChannel_top_MuMC_20200326/200326_110241/0000/ST_tChannel_top_MuMC_20200326_Ntuple_129.root
/cms/store/user/rverma/NTuple_HIG-18-021_20200307_MuMC/MuMC_20200307/TTJetsP_hdampUP_MuMC_20200307/TT_hdampUP_TuneCUETP8M2T4_13TeV-powheg-pythia8/TTJetsP_hdampUP_MuMC_20200307/200307_101038/0000/TTJetsP_hdampUP_MuMC_20200307_Ntuple_78.root
/cms/store/user/rverma/NTuple_HIG-18-021_20200307_MuData/MuData_20200307/MuRunCv1_MuData_20200307/SingleMuon/MuRunCv1_MuData_20200307/200307_101608/0000/MuRunCv1_MuData_20200307_Ntuple_53.root
/cms/store/user/rverma/NTuple_HIG-18-021_20200307_MuMC/MuMC_20200307/TTJetsP_hdampUP_MuMC_20200307/TT_hdampUP_TuneCUETP8M2T4_13TeV-powheg-pythia8/TTJetsP_hdampUP_MuMC_20200307/200307_101038/0000/TTJetsP_hdampUP_MuMC_20200307_Ntuple_18.root
/cms/store/user/rverma/NTuple_HIG-18-021_20200326_MuMC/MuMC_20200326/ST_tChannel_top_MuMC_20200326/ST_t-channel_top_4f_inclusiveDecays_13TeV-powhegV2-madspin-pythia8_TuneCUETP8M1/ST_tChannel_top_MuMC_20200326/200326_110241/0000/ST_tChannel_top_MuMC_20200326_Ntuple_12.root
/cms/store/user/rverma/NTuple_HIG-18-021_20200307_MuMC/MuMC_20200307/TTJetsP_mtop1715_MuMC_20200307/TT_TuneCUETP8M2T4_mtop1715_13TeV-powheg-pythia8/TTJetsP_mtop1715_MuMC_20200307/200307_101105/0000/TTJetsP_mtop1715_MuMC_20200307_Ntuple_44.root
/cms/store/user/rverma/NTuple_HIG-18-021_20200307_MuMC/MuMC_20200307/W1JetsToLNu_MuMC_20200307/W1JetsToLNu_TuneCUETP8M1_13TeV-madgraphMLM-pythia8/W1JetsToLNu_MuMC_20200307/200307_101223/0000/W1JetsToLNu_MuMC_20200307_Ntuple_19.root
/cms/store/user/rverma/NTuple_HIG-18-021_20200326_MuMC/MuMC_20200326/ST_tWChannel_antitop_MuMC_20200326/ST_tW_antitop_5f_inclusiveDecays_13TeV-powheg-pythia8_TuneCUETP8M1/ST_tWChannel_antitop_MuMC_20200326/200326_110256/0000/ST_tWChannel_antitop_MuMC_20200326_Ntuple_18.root
/cms/store/user/rverma/NTuple_HIG-18-021_20200326_MuMC/MuMC_20200326/ST_tWChannel_top_MuMC_20200326/ST_tW_top_5f_inclusiveDecays_13TeV-powheg-pythia8_TuneCUETP8M1/ST_tWChannel_top_MuMC_20200326/200326_110309/0000/ST_tWChannel_top_MuMC_20200326_Ntuple_36.root
/cms/store/user/rverma/NTuple_HIG-18-021_20200307_MuData/MuData_20200307/MuRunCv1_MuData_20200307/SingleMuon/MuRunCv1_MuData_20200307/200307_101608/0000/MuRunCv1_MuData_20200307_Ntuple_19.root
/cms/store/user/rverma/NTuple_HIG-18-021_20200326_MuMC/MuMC_20200326/ST_tChannel_top_MuMC_20200326/ST_t-channel_top_4f_inclusiveDecays_13TeV-powhegV2-madspin-pythia8_TuneCUETP8M1/ST_tChannel_top_MuMC_20200326/200326_110241/0000/ST_tChannel_top_MuMC_20200326_Ntuple_4.root
/cms/store/user/rverma/NTuple_HIG-18-021_20200326_MuMC/MuMC_20200326/ST_sChannel_incl_MuMC_20200326/ST_s-channel_4f_InclusiveDecays_13TeV-amcatnlo-pythia8/ST_sChannel_incl_MuMC_20200326/200326_110212/0000/ST_sChannel_incl_MuMC_20200326_Ntuple_6.root
/cms/store/user/rverma/NTuple_HIG-18-021_20200326_MuMC/MuMC_20200326/ST_tChannel_antitop_MuMC_20200326/ST_t-channel_antitop_4f_inclusiveDecays_13TeV-powhegV2-madspin-pythia8_TuneCUETP8M1/ST_tChannel_antitop_MuMC_20200326/200326_110227/0000/ST_tChannel_antitop_MuMC_20200326_Ntuple_105.root
/cms/store/user/rverma/NTuple_HIG-18-021_20200307_MuMC/MuMC_20200307/TTJetsP_mtop1715_MuMC_20200307/TT_TuneCUETP8M2T4_mtop1715_13TeV-powheg-pythia8/TTJetsP_mtop1715_MuMC_20200307/200307_101105/0000/TTJetsP_mtop1715_MuMC_20200307_Ntuple_73.root
/cms/store/user/rverma/NTuple_HIG-18-021_20200326_MuMC/MuMC_20200326/ST_tChannel_top_MuMC_20200326/ST_t-channel_top_4f_inclusiveDecays_13TeV-powhegV2-madspin-pythia8_TuneCUETP8M1/ST_tChannel_top_MuMC_20200326/200326_110241/0000/ST_tChannel_top_MuMC_20200326_Ntuple_150.root
/cms/store/user/rverma/NTuple_HIG-18-021_20200307_MuMC/MuMC_20200307/DY1JetsToLL_MuMC_20200307/DY1JetsToLL_M-50_TuneCUETP8M1_13TeV-madgraphMLM-pythia8/DY1JetsToLL_MuMC_20200307/200307_095835/0000/DY1JetsToLL_MuMC_20200307_Ntuple_116.root
/cms/store/user/rverma/NTuple_HIG-18-021_20200307_MuMC/MuMC_20200307/QCD_Pt-20to30_Mu_MuMC_20200307/QCD_Pt-20to30_MuEnrichedPt5_TuneCUETP8M1_13TeV_pythia8/QCD_Pt-20to30_Mu_MuMC_20200307/200307_100503/0000/QCD_Pt-20to30_Mu_MuMC_20200307_Ntuple_7.root
/cms/store/user/rverma/NTuple_HIG-18-021_20200307_MuMC/MuMC_20200307/TTJetsP_hdampDOWN_MuMC_20200307/TT_hdampDOWN_TuneCUETP8M2T4_13TeV-powheg-pythia8/TTJetsP_hdampDOWN_MuMC_20200307/200307_101016/0000/TTJetsP_hdampDOWN_MuMC_20200307_Ntuple_83.root
/cms/store/user/rverma/NTuple_HIG-18-021_20200307_MuData/MuData_20200307/MuRunH2v1_MuData_20200307/SingleMuon/MuRunH2v1_MuData_20200307/200307_101806/0000/MuRunH2v1_MuData_20200307_Ntuple_102.root
/cms/store/user/rverma/NTuple_HIG-18-021_20200307_MuData/MuData_20200307/MuRunH2v1_MuData_20200307/SingleMuon/MuRunH2v1_MuData_20200307/200307_101806/0000/MuRunH2v1_MuData_20200307_Ntuple_143.root
/cms/store/user/rverma/NTuple_HIG-18-021_20200307_MuMC/MuMC_20200307/QCD_Pt-20to30_Mu_MuMC_20200307/QCD_Pt-20to30_MuEnrichedPt5_TuneCUETP8M1_13TeV_pythia8/QCD_Pt-20to30_Mu_MuMC_20200307/200307_100503/0000/QCD_Pt-20to30_Mu_MuMC_20200307_Ntuple_34.root
/cms/store/user/rverma/NTuple_HIG-18-021_20200307_MuData/MuData_20200307/MuRunDv1_MuData_20200307/SingleMuon/MuRunDv1_MuData_20200307/200307_101630/0000/MuRunDv1_MuData_20200307_Ntuple_87.root
/cms/store/user/rverma/NTuple_HIG-18-021_20200307_MuMC/MuMC_20200307/TTJetsP_MuMC_20200307/TT_TuneCUETP8M2T4_13TeV-powheg-pythia8/TTJetsP_MuMC_20200307/200307_100856/0000/TTJetsP_MuMC_20200307_Ntuple_147.root
